[docs.webmethods.io/index.html]
[backblue.gif]
[fade.gif]
[index.html]
[docs.webmethods.io/static/css/bootstrap.min.css]
[docs.webmethods.io/static/css/font-awesome.min.css]
[use.fontawesome.com/releases/v5.0.8/css/all.css]
[use.typekit.net/uzy2tfr.css]
[docs.webmethods.io/static/css/roboto.css]
[docs.webmethods.io/favicon.ico]
[docs.webmethods.io/static/css/home-footer.css]
[docs.webmethods.io/static/css/main.css]
[docs.webmethods.io/static/css/slick.css]
[docs.webmethods.io/static/css/slick-theme.css]
[docs.webmethods.io/static/js/jquery-1.12.1.min.js]
[ajax.aspnetcdn.com/ajax/jquery.validate/1.9/jquery.validate.min.js]
[docs.webmethods.io/static/js/underscore-min.js]
[docs.webmethods.io/static/js/slick.js]
[docs.webmethods.io/static/js/bootstrap.min.js]
[docs.webmethods.io/static/js/script.js]
[app-sj21.marketo.com/js/forms2/js/forms2.min.js]
[code.jquery.com/ui/1.11.4/jquery-ui.js]
[docs.webmethods.io/index_files/banner_graphic.svg]
[docs.webmethods.io/static/js/less.min.js]
[docs.webmethods.io/index_files/webmethods.io_integration-new.svg]
[docs.webmethods.io/index_files/webmethods.io_api-new.svg]
[docs.webmethods.io/index_files/webmethods.io_b2b-new.svg]
[docs.webmethods.io/index.html]
[www.googletagmanager.com/gtm5445.html]
[docs.webmethods.io/static/css/bootstrap.min.css]
[docs.webmethods.io/static/css/font-awesome.min.css]
[use.fontawesome.com/releases/v5.0.8/css/all.css]
[use.typekit.net/af/71f83c/00000000000000003b9b093b/27/l652f]
[use.typekit.net/af/71f83c/00000000000000003b9b093b/27/d652f]
[use.typekit.net/af/71f83c/00000000000000003b9b093b/27/a652f]
[use.typekit.net/af/27776b/00000000000000003b9b0939/27/l5bba]
[use.typekit.net/af/27776b/00000000000000003b9b0939/27/d5bba]
[use.typekit.net/af/27776b/00000000000000003b9b0939/27/a5bba]
[use.typekit.net/af/4838bd/00000000000000003b9b0934/27/le196]
[use.typekit.net/af/4838bd/00000000000000003b9b0934/27/de196]
[use.typekit.net/af/4838bd/00000000000000003b9b0934/27/ae196]
[use.typekit.net/af/6aec08/00000000000000003b9b0935/27/lfdcc]
[use.typekit.net/af/6aec08/00000000000000003b9b0935/27/dfdcc]
[use.typekit.net/af/6aec08/00000000000000003b9b0935/27/afdcc]
[use.typekit.net/af/437c3d/00000000000000003b9b0932/27/l3eab]
[use.typekit.net/af/437c3d/00000000000000003b9b0932/27/d3eab]
[use.typekit.net/af/437c3d/00000000000000003b9b0932/27/a3eab]
[use.typekit.net/af/f02b29/00000000000000003b9b0933/27/laaa3]
[use.typekit.net/af/f02b29/00000000000000003b9b0933/27/daaa3]
[use.typekit.net/af/f02b29/00000000000000003b9b0933/27/aaaa3]
[use.typekit.net/af/2553b3/000000000000000000011c34/27/l652f]
[use.typekit.net/af/2553b3/000000000000000000011c34/27/d652f]
[use.typekit.net/af/2553b3/000000000000000000011c34/27/a652f]
[use.typekit.net/af/8f2f8d/000000000000000000011c35/27/le265]
[use.typekit.net/af/8f2f8d/000000000000000000011c35/27/de265]
[use.typekit.net/af/8f2f8d/000000000000000000011c35/27/ae265]
[use.typekit.net/af/4c54ad/000000000000000000011c38/27/lfdcc]
[use.typekit.net/af/4c54ad/000000000000000000011c38/27/dfdcc]
[use.typekit.net/af/4c54ad/000000000000000000011c38/27/afdcc]
[use.typekit.net/af/827015/000000000000000000011c3b/27/le196]
[use.typekit.net/af/827015/000000000000000000011c3b/27/de196]
[use.typekit.net/uzy2tfr.css]
[docs.webmethods.io/static/css/roboto.css]
[docs.webmethods.io/static/css/home-footer.css]
[use.typekit.net/af/827015/000000000000000000011c3b/27/ae196]
[docs.webmethods.io/static/css/main.css]
[docs.webmethods.io/static/css/slick.css]
[docs.webmethods.io/static/css/slick-theme.css]
[docs.webmethods.io/index-2.html]
[app-sj21.marketo.com/js/forms2/js/forms2.min.js]
[docs.webmethods.io/index_files/banner_graphic.svg]
[cse.google.com/cse07b6.html]
[docs.webmethods.io/index_files/webmethods.io_integration-new.svg]
[docs.webmethods.io/index_files/webmethods.io_integration.svg]
[docs.webmethods.io/integration/index.html]
[docs.webmethods.io/index_files/webmethods.io_api-new.svg]
[docs.webmethods.io/index_files/webmethods.io_api.svg]
[docs.webmethods.io/api/index.html]
[docs.webmethods.io/index_files/webmethods.io_b2b-new.svg]
[docs.webmethods.io/index_files/webmethods.io_b2b.svg]
[docs.webmethods.io/b2b/index.html]
[p.typekit.net/p37be.css]
[docs.webmethods.io/ABCDEFGHIJKLMNOPQRSTUVWXYZabcdefghijklmnopqrstuvwxyz0123456789+/index.html]
[docs.webmethods.io/index-2.html]
[docs.webmethods.io/index_files/webmethods.io_integration.svg]
[docs.webmethods.io/integration/index-2.html]
[docs.webmethods.io/index_files/webmethods.io_api.svg]
[docs.webmethods.io/api/index-2.html]
[docs.webmethods.io/index_files/webmethods.io_b2b.svg]
[docs.webmethods.io/b2b/index-2.html]
